2020-11-14 11:12:52 [Test worker] ERROR epam.varapay.model.dao.GenericDao - could`t close a resource
java.lang.NullPointerException: null
	at com.epam.varapay.model.dao.GenericDao.closeResource(GenericDao.java:26) ~[main/:?]
	at com.epam.varapay.model.dao.impl.BidDaoImplTest$ProtectedAccessBidDao$$EnhancerByMockitoWithCGLIB$$9a0b7cfa.CGLIB$closeResource$22(<generated>) ~[mockito-all-1.10.19.jar:?]
	at com.epam.varapay.model.dao.impl.BidDaoImplTest$ProtectedAccessBidDao$$EnhancerByMockitoWithCGLIB$$9a0b7cfa$$FastClassByMockitoWithCGLIB$$db46a20a.invoke(<generated>) ~[mockito-all-1.10.19.jar:?]
	at org.mockito.cglib.proxy.MethodProxy.invokeSuper(MethodProxy.java:216) ~[mockito-all-1.10.19.jar:?]
	at org.mockito.internal.creation.cglib.DelegatingMockitoMethodProxy.invokeSuper(DelegatingMockitoMethodProxy.java:19) ~[mockito-all-1.10.19.jar:?]
	at org.mockito.internal.invocation.realmethod.DefaultRealMethod.invoke(DefaultRealMethod.java:21) ~[mockito-all-1.10.19.jar:?]
	at org.mockito.internal.invocation.realmethod.CleanTraceRealMethod.invoke(CleanTraceRealMethod.java:30) ~[mockito-all-1.10.19.jar:?]
	at org.mockito.internal.invocation.InvocationImpl.callRealMethod(InvocationImpl.java:112) ~[mockito-all-1.10.19.jar:?]
	at org.mockito.internal.stubbing.answers.CallsRealMethods.answer(CallsRealMethods.java:41) ~[mockito-all-1.10.19.jar:?]
	at org.mockito.internal.handler.MockHandlerImpl.handle(MockHandlerImpl.java:93) ~[mockito-all-1.10.19.jar:?]
	at org.mockito.internal.handler.NullResultGuardian.handle(NullResultGuardian.java:29) ~[mockito-all-1.10.19.jar:?]
	at org.mockito.internal.handler.InvocationNotifierHandler.handle(InvocationNotifierHandler.java:38) ~[mockito-all-1.10.19.jar:?]
	at org.mockito.internal.creation.cglib.MethodInterceptorFilter.intercept(MethodInterceptorFilter.java:59) ~[mockito-all-1.10.19.jar:?]
	at com.epam.varapay.model.dao.impl.BidDaoImplTest$ProtectedAccessBidDao$$EnhancerByMockitoWithCGLIB$$9a0b7cfa.closeResource(<generated>) ~[mockito-all-1.10.19.jar:?]
	at com.epam.varapay.model.dao.GenericDao.findObject(GenericDao.java:189) ~[main/:?]
	at com.epam.varapay.model.dao.GenericDao.findLong(GenericDao.java:150) ~[main/:?]
	at com.epam.varapay.model.dao.impl.BidDaoImplTest$ProtectedAccessBidDao$$EnhancerByMockitoWithCGLIB$$9a0b7cfa.CGLIB$findLong$19(<generated>) ~[mockito-all-1.10.19.jar:?]
	at com.epam.varapay.model.dao.impl.BidDaoImplTest$ProtectedAccessBidDao$$EnhancerByMockitoWithCGLIB$$9a0b7cfa$$FastClassByMockitoWithCGLIB$$db46a20a.invoke(<generated>) ~[mockito-all-1.10.19.jar:?]
	at org.mockito.cglib.proxy.MethodProxy.invokeSuper(MethodProxy.java:216) ~[mockito-all-1.10.19.jar:?]
	at org.mockito.internal.creation.cglib.DelegatingMockitoMethodProxy.invokeSuper(DelegatingMockitoMethodProxy.java:19) ~[mockito-all-1.10.19.jar:?]
	at org.mockito.internal.invocation.realmethod.DefaultRealMethod.invoke(DefaultRealMethod.java:21) ~[mockito-all-1.10.19.jar:?]
	at org.mockito.internal.invocation.realmethod.CleanTraceRealMethod.invoke(CleanTraceRealMethod.java:30) ~[mockito-all-1.10.19.jar:?]
	at org.mockito.internal.invocation.InvocationImpl.callRealMethod(InvocationImpl.java:112) ~[mockito-all-1.10.19.jar:?]
	at org.mockito.internal.stubbing.answers.CallsRealMethods.answer(CallsRealMethods.java:41) ~[mockito-all-1.10.19.jar:?]
	at org.mockito.internal.handler.MockHandlerImpl.handle(MockHandlerImpl.java:93) ~[mockito-all-1.10.19.jar:?]
	at org.mockito.internal.handler.NullResultGuardian.handle(NullResultGuardian.java:29) ~[mockito-all-1.10.19.jar:?]
	at org.mockito.internal.handler.InvocationNotifierHandler.handle(InvocationNotifierHandler.java:38) ~[mockito-all-1.10.19.jar:?]
	at org.mockito.internal.creation.cglib.MethodInterceptorFilter.intercept(MethodInterceptorFilter.java:59) ~[mockito-all-1.10.19.jar:?]
	at com.epam.varapay.model.dao.impl.BidDaoImplTest$ProtectedAccessBidDao$$EnhancerByMockitoWithCGLIB$$9a0b7cfa.findLong(<generated>) ~[mockito-all-1.10.19.jar:?]
	at com.epam.varapay.model.dao.impl.BidDaoImpl.approveTopUpBid(BidDaoImpl.java:122) ~[main/:?]
	at com.epam.varapay.model.dao.impl.BidDaoImplTest$ProtectedAccessBidDao$$EnhancerByMockitoWithCGLIB$$9a0b7cfa.CGLIB$approveTopUpBid$13(<generated>) ~[mockito-all-1.10.19.jar:?]
	at com.epam.varapay.model.dao.impl.BidDaoImplTest$ProtectedAccessBidDao$$EnhancerByMockitoWithCGLIB$$9a0b7cfa$$FastClassByMockitoWithCGLIB$$db46a20a.invoke(<generated>) ~[mockito-all-1.10.19.jar:?]
	at org.mockito.cglib.proxy.MethodProxy.invokeSuper(MethodProxy.java:216) ~[mockito-all-1.10.19.jar:?]
	at org.mockito.internal.creation.cglib.DelegatingMockitoMethodProxy.invokeSuper(DelegatingMockitoMethodProxy.java:19) ~[mockito-all-1.10.19.jar:?]
	at org.mockito.internal.invocation.realmethod.DefaultRealMethod.invoke(DefaultRealMethod.java:21) ~[mockito-all-1.10.19.jar:?]
	at org.mockito.internal.invocation.realmethod.CleanTraceRealMethod.invoke(CleanTraceRealMethod.java:30) ~[mockito-all-1.10.19.jar:?]
	at org.mockito.internal.invocation.InvocationImpl.callRealMethod(InvocationImpl.java:112) ~[mockito-all-1.10.19.jar:?]
	at org.mockito.internal.stubbing.answers.CallsRealMethods.answer(CallsRealMethods.java:41) ~[mockito-all-1.10.19.jar:?]
	at org.mockito.internal.handler.MockHandlerImpl.handle(MockHandlerImpl.java:93) ~[mockito-all-1.10.19.jar:?]
	at org.mockito.internal.handler.NullResultGuardian.handle(NullResultGuardian.java:29) ~[mockito-all-1.10.19.jar:?]
	at org.mockito.internal.handler.InvocationNotifierHandler.handle(InvocationNotifierHandler.java:38) ~[mockito-all-1.10.19.jar:?]
	at org.mockito.internal.creation.cglib.MethodInterceptorFilter.intercept(MethodInterceptorFilter.java:59) ~[mockito-all-1.10.19.jar:?]
	at com.epam.varapay.model.dao.impl.BidDaoImplTest$ProtectedAccessBidDao$$EnhancerByMockitoWithCGLIB$$9a0b7cfa.approveTopUpBid(<generated>) ~[mockito-all-1.10.19.jar:?]
	at com.epam.varapay.model.dao.impl.BidDaoImplTest.approveTopUpBid(BidDaoImplTest.java:160) ~[test/:?]
	at jdk.internal.reflect.NativeMethodAccessorImpl.invoke0(Native Method) ~[?:?]
	at jdk.internal.reflect.NativeMethodAccessorImpl.invoke(NativeMethodAccessorImpl.java:62) ~[?:?]
	at jdk.internal.reflect.DelegatingMethodAccessorImpl.invoke(DelegatingMethodAccessorImpl.java:43) ~[?:?]
	at java.lang.reflect.Method.invoke(Method.java:564) ~[?:?]
	at org.testng.internal.MethodInvocationHelper.invokeMethod(MethodInvocationHelper.java:132) ~[testng-7.3.0.jar:?]
	at org.testng.internal.TestInvoker.invokeMethod(TestInvoker.java:599) ~[testng-7.3.0.jar:?]
	at org.testng.internal.TestInvoker.invokeTestMethod(TestInvoker.java:174) ~[testng-7.3.0.jar:?]
	at org.testng.internal.MethodRunner.runInSequence(MethodRunner.java:46) ~[testng-7.3.0.jar:?]
	at org.testng.internal.TestInvoker$MethodInvocationAgent.invoke(TestInvoker.java:822) ~[testng-7.3.0.jar:?]
	at org.testng.internal.TestInvoker.invokeTestMethods(TestInvoker.java:147) ~[testng-7.3.0.jar:?]
	at org.testng.internal.TestMethodWorker.invokeTestMethods(TestMethodWorker.java:146) ~[testng-7.3.0.jar:?]
	at org.testng.internal.TestMethodWorker.run(TestMethodWorker.java:128) ~[testng-7.3.0.jar:?]
	at java.util.ArrayList.forEach(ArrayList.java:1510) [?:?]
	at org.testng.TestRunner.privateRun(TestRunner.java:764) [testng-7.3.0.jar:?]
	at org.testng.TestRunner.run(TestRunner.java:585) [testng-7.3.0.jar:?]
	at org.testng.SuiteRunner.runTest(SuiteRunner.java:384) [testng-7.3.0.jar:?]
	at org.testng.SuiteRunner.runSequentially(SuiteRunner.java:378) [testng-7.3.0.jar:?]
	at org.testng.SuiteRunner.privateRun(SuiteRunner.java:337) [testng-7.3.0.jar:?]
	at org.testng.SuiteRunner.run(SuiteRunner.java:286) [testng-7.3.0.jar:?]
	at org.testng.SuiteRunnerWorker.runSuite(SuiteRunnerWorker.java:53) [testng-7.3.0.jar:?]
	at org.testng.SuiteRunnerWorker.run(SuiteRunnerWorker.java:96) [testng-7.3.0.jar:?]
	at org.testng.TestNG.runSuitesSequentially(TestNG.java:1218) [testng-7.3.0.jar:?]
	at org.testng.TestNG.runSuitesLocally(TestNG.java:1140) [testng-7.3.0.jar:?]
	at org.testng.TestNG.runSuites(TestNG.java:1069) [testng-7.3.0.jar:?]
	at org.testng.TestNG.run(TestNG.java:1037) [testng-7.3.0.jar:?]
	at org.gradle.api.internal.tasks.testing.testng.TestNGTestClassProcessor.runTests(TestNGTestClassProcessor.java:141) [gradle-testing-jvm-6.3.jar:6.3]
	at org.gradle.api.internal.tasks.testing.testng.TestNGTestClassProcessor.stop(TestNGTestClassProcessor.java:90) [gradle-testing-jvm-6.3.jar:6.3]
	at org.gradle.api.internal.tasks.testing.SuiteTestClassProcessor.stop(SuiteTestClassProcessor.java:61) [gradle-testing-base-6.3.jar:6.3]
	at jdk.internal.reflect.NativeMethodAccessorImpl.invoke0(Native Method) ~[?:?]
	at jdk.internal.reflect.NativeMethodAccessorImpl.invoke(NativeMethodAccessorImpl.java:62) ~[?:?]
	at jdk.internal.reflect.DelegatingMethodAccessorImpl.invoke(DelegatingMethodAccessorImpl.java:43) ~[?:?]
	at java.lang.reflect.Method.invoke(Method.java:564) ~[?:?]
	at org.gradle.internal.dispatch.ReflectionDispatch.dispatch(ReflectionDispatch.java:36) [gradle-messaging-6.3.jar:6.3]
	at org.gradle.internal.dispatch.ReflectionDispatch.dispatch(ReflectionDispatch.java:24) [gradle-messaging-6.3.jar:6.3]
	at org.gradle.internal.dispatch.ContextClassLoaderDispatch.dispatch(ContextClassLoaderDispatch.java:33) [gradle-messaging-6.3.jar:6.3]
	at org.gradle.internal.dispatch.ProxyDispatchAdapter$DispatchingInvocationHandler.invoke(ProxyDispatchAdapter.java:94) [gradle-messaging-6.3.jar:6.3]
	at com.sun.proxy.$Proxy2.stop(Unknown Source) [?:?]
	at org.gradle.api.internal.tasks.testing.worker.TestWorker.stop(TestWorker.java:132) [gradle-testing-base-6.3.jar:6.3]
	at jdk.internal.reflect.NativeMethodAccessorImpl.invoke0(Native Method) ~[?:?]
	at jdk.internal.reflect.NativeMethodAccessorImpl.invoke(NativeMethodAccessorImpl.java:62) ~[?:?]
	at jdk.internal.reflect.DelegatingMethodAccessorImpl.invoke(DelegatingMethodAccessorImpl.java:43) ~[?:?]
	at java.lang.reflect.Method.invoke(Method.java:564) ~[?:?]
	at org.gradle.internal.dispatch.ReflectionDispatch.dispatch(ReflectionDispatch.java:36) [gradle-messaging-6.3.jar:6.3]
	at org.gradle.internal.dispatch.ReflectionDispatch.dispatch(ReflectionDispatch.java:24) [gradle-messaging-6.3.jar:6.3]
	at org.gradle.internal.remote.internal.hub.MessageHubBackedObjectConnection$DispatchWrapper.dispatch(MessageHubBackedObjectConnection.java:182) [gradle-messaging-6.3.jar:6.3]
	at org.gradle.internal.remote.internal.hub.MessageHubBackedObjectConnection$DispatchWrapper.dispatch(MessageHubBackedObjectConnection.java:164) [gradle-messaging-6.3.jar:6.3]
	at org.gradle.internal.remote.internal.hub.MessageHub$Handler.run(MessageHub.java:412) [gradle-messaging-6.3.jar:6.3]
	at org.gradle.internal.concurrent.ExecutorPolicy$CatchAndRecordFailures.onExecute(ExecutorPolicy.java:64) [gradle-base-services-6.3.jar:6.3]
	at org.gradle.internal.concurrent.ManagedExecutorImpl$1.run(ManagedExecutorImpl.java:48) [gradle-base-services-6.3.jar:6.3]
	at java.util.concurrent.ThreadPoolExecutor.runWorker(ThreadPoolExecutor.java:1130) [?:?]
	at java.util.concurrent.ThreadPoolExecutor$Worker.run(ThreadPoolExecutor.java:630) [?:?]
	at org.gradle.internal.concurrent.ThreadFactoryImpl$ManagedThreadRunnable.run(ThreadFactoryImpl.java:56) [gradle-base-services-6.3.jar:6.3]
	at java.lang.Thread.run(Thread.java:832) [?:?]
2020-11-14 11:12:52 [Test worker] ERROR epam.varapay.model.dao.GenericDao - could`t close a resource
java.lang.NullPointerException: null
	at com.epam.varapay.model.dao.GenericDao.closeResource(GenericDao.java:26) ~[main/:?]
	at com.epam.varapay.model.dao.impl.BidDaoImplTest$ProtectedAccessBidDao$$EnhancerByMockitoWithCGLIB$$9a0b7cfa.CGLIB$closeResource$22(<generated>) ~[mockito-all-1.10.19.jar:?]
	at com.epam.varapay.model.dao.impl.BidDaoImplTest$ProtectedAccessBidDao$$EnhancerByMockitoWithCGLIB$$9a0b7cfa$$FastClassByMockitoWithCGLIB$$db46a20a.invoke(<generated>) ~[mockito-all-1.10.19.jar:?]
	at org.mockito.cglib.proxy.MethodProxy.invokeSuper(MethodProxy.java:216) ~[mockito-all-1.10.19.jar:?]
	at org.mockito.internal.creation.cglib.DelegatingMockitoMethodProxy.invokeSuper(DelegatingMockitoMethodProxy.java:19) ~[mockito-all-1.10.19.jar:?]
	at org.mockito.internal.invocation.realmethod.DefaultRealMethod.invoke(DefaultRealMethod.java:21) ~[mockito-all-1.10.19.jar:?]
	at org.mockito.internal.invocation.realmethod.CleanTraceRealMethod.invoke(CleanTraceRealMethod.java:30) ~[mockito-all-1.10.19.jar:?]
	at org.mockito.internal.invocation.InvocationImpl.callRealMethod(InvocationImpl.java:112) ~[mockito-all-1.10.19.jar:?]
	at org.mockito.internal.stubbing.answers.CallsRealMethods.answer(CallsRealMethods.java:41) ~[mockito-all-1.10.19.jar:?]
	at org.mockito.internal.handler.MockHandlerImpl.handle(MockHandlerImpl.java:93) ~[mockito-all-1.10.19.jar:?]
	at org.mockito.internal.handler.NullResultGuardian.handle(NullResultGuardian.java:29) ~[mockito-all-1.10.19.jar:?]
	at org.mockito.internal.handler.InvocationNotifierHandler.handle(InvocationNotifierHandler.java:38) ~[mockito-all-1.10.19.jar:?]
	at org.mockito.internal.creation.cglib.MethodInterceptorFilter.intercept(MethodInterceptorFilter.java:59) ~[mockito-all-1.10.19.jar:?]
	at com.epam.varapay.model.dao.impl.BidDaoImplTest$ProtectedAccessBidDao$$EnhancerByMockitoWithCGLIB$$9a0b7cfa.closeResource(<generated>) ~[mockito-all-1.10.19.jar:?]
	at com.epam.varapay.model.dao.GenericDao.findObject(GenericDao.java:191) ~[main/:?]
	at com.epam.varapay.model.dao.GenericDao.findLong(GenericDao.java:150) ~[main/:?]
	at com.epam.varapay.model.dao.impl.BidDaoImplTest$ProtectedAccessBidDao$$EnhancerByMockitoWithCGLIB$$9a0b7cfa.CGLIB$findLong$19(<generated>) ~[mockito-all-1.10.19.jar:?]
	at com.epam.varapay.model.dao.impl.BidDaoImplTest$ProtectedAccessBidDao$$EnhancerByMockitoWithCGLIB$$9a0b7cfa$$FastClassByMockitoWithCGLIB$$db46a20a.invoke(<generated>) ~[mockito-all-1.10.19.jar:?]
	at org.mockito.cglib.proxy.MethodProxy.invokeSuper(MethodProxy.java:216) ~[mockito-all-1.10.19.jar:?]
	at org.mockito.internal.creation.cglib.DelegatingMockitoMethodProxy.invokeSuper(DelegatingMockitoMethodProxy.java:19) ~[mockito-all-1.10.19.jar:?]
	at org.mockito.internal.invocation.realmethod.DefaultRealMethod.invoke(DefaultRealMethod.java:21) ~[mockito-all-1.10.19.jar:?]
	at org.mockito.internal.invocation.realmethod.CleanTraceRealMethod.invoke(CleanTraceRealMethod.java:30) ~[mockito-all-1.10.19.jar:?]
	at org.mockito.internal.invocation.InvocationImpl.callRealMethod(InvocationImpl.java:112) ~[mockito-all-1.10.19.jar:?]
	at org.mockito.internal.stubbing.answers.CallsRealMethods.answer(CallsRealMethods.java:41) ~[mockito-all-1.10.19.jar:?]
	at org.mockito.internal.handler.MockHandlerImpl.handle(MockHandlerImpl.java:93) ~[mockito-all-1.10.19.jar:?]
	at org.mockito.internal.handler.NullResultGuardian.handle(NullResultGuardian.java:29) ~[mockito-all-1.10.19.jar:?]
	at org.mockito.internal.handler.InvocationNotifierHandler.handle(InvocationNotifierHandler.java:38) ~[mockito-all-1.10.19.jar:?]
	at org.mockito.internal.creation.cglib.MethodInterceptorFilter.intercept(MethodInterceptorFilter.java:59) ~[mockito-all-1.10.19.jar:?]
	at com.epam.varapay.model.dao.impl.BidDaoImplTest$ProtectedAccessBidDao$$EnhancerByMockitoWithCGLIB$$9a0b7cfa.findLong(<generated>) ~[mockito-all-1.10.19.jar:?]
	at com.epam.varapay.model.dao.impl.BidDaoImpl.approveTopUpBid(BidDaoImpl.java:122) ~[main/:?]
	at com.epam.varapay.model.dao.impl.BidDaoImplTest$ProtectedAccessBidDao$$EnhancerByMockitoWithCGLIB$$9a0b7cfa.CGLIB$approveTopUpBid$13(<generated>) ~[mockito-all-1.10.19.jar:?]
	at com.epam.varapay.model.dao.impl.BidDaoImplTest$ProtectedAccessBidDao$$EnhancerByMockitoWithCGLIB$$9a0b7cfa$$FastClassByMockitoWithCGLIB$$db46a20a.invoke(<generated>) ~[mockito-all-1.10.19.jar:?]
	at org.mockito.cglib.proxy.MethodProxy.invokeSuper(MethodProxy.java:216) ~[mockito-all-1.10.19.jar:?]
	at org.mockito.internal.creation.cglib.DelegatingMockitoMethodProxy.invokeSuper(DelegatingMockitoMethodProxy.java:19) ~[mockito-all-1.10.19.jar:?]
	at org.mockito.internal.invocation.realmethod.DefaultRealMethod.invoke(DefaultRealMethod.java:21) ~[mockito-all-1.10.19.jar:?]
	at org.mockito.internal.invocation.realmethod.CleanTraceRealMethod.invoke(CleanTraceRealMethod.java:30) ~[mockito-all-1.10.19.jar:?]
	at org.mockito.internal.invocation.InvocationImpl.callRealMethod(InvocationImpl.java:112) ~[mockito-all-1.10.19.jar:?]
	at org.mockito.internal.stubbing.answers.CallsRealMethods.answer(CallsRealMethods.java:41) ~[mockito-all-1.10.19.jar:?]
	at org.mockito.internal.handler.MockHandlerImpl.handle(MockHandlerImpl.java:93) ~[mockito-all-1.10.19.jar:?]
	at org.mockito.internal.handler.NullResultGuardian.handle(NullResultGuardian.java:29) ~[mockito-all-1.10.19.jar:?]
	at org.mockito.internal.handler.InvocationNotifierHandler.handle(InvocationNotifierHandler.java:38) ~[mockito-all-1.10.19.jar:?]
	at org.mockito.internal.creation.cglib.MethodInterceptorFilter.intercept(MethodInterceptorFilter.java:59) ~[mockito-all-1.10.19.jar:?]
	at com.epam.varapay.model.dao.impl.BidDaoImplTest$ProtectedAccessBidDao$$EnhancerByMockitoWithCGLIB$$9a0b7cfa.approveTopUpBid(<generated>) ~[mockito-all-1.10.19.jar:?]
	at com.epam.varapay.model.dao.impl.BidDaoImplTest.approveTopUpBid(BidDaoImplTest.java:160) ~[test/:?]
	at jdk.internal.reflect.NativeMethodAccessorImpl.invoke0(Native Method) ~[?:?]
	at jdk.internal.reflect.NativeMethodAccessorImpl.invoke(NativeMethodAccessorImpl.java:62) ~[?:?]
	at jdk.internal.reflect.DelegatingMethodAccessorImpl.invoke(DelegatingMethodAccessorImpl.java:43) ~[?:?]
	at java.lang.reflect.Method.invoke(Method.java:564) ~[?:?]
	at org.testng.internal.MethodInvocationHelper.invokeMethod(MethodInvocationHelper.java:132) ~[testng-7.3.0.jar:?]
	at org.testng.internal.TestInvoker.invokeMethod(TestInvoker.java:599) ~[testng-7.3.0.jar:?]
	at org.testng.internal.TestInvoker.invokeTestMethod(TestInvoker.java:174) ~[testng-7.3.0.jar:?]
	at org.testng.internal.MethodRunner.runInSequence(MethodRunner.java:46) ~[testng-7.3.0.jar:?]
	at org.testng.internal.TestInvoker$MethodInvocationAgent.invoke(TestInvoker.java:822) ~[testng-7.3.0.jar:?]
	at org.testng.internal.TestInvoker.invokeTestMethods(TestInvoker.java:147) ~[testng-7.3.0.jar:?]
	at org.testng.internal.TestMethodWorker.invokeTestMethods(TestMethodWorker.java:146) ~[testng-7.3.0.jar:?]
	at org.testng.internal.TestMethodWorker.run(TestMethodWorker.java:128) ~[testng-7.3.0.jar:?]
	at java.util.ArrayList.forEach(ArrayList.java:1510) [?:?]
	at org.testng.TestRunner.privateRun(TestRunner.java:764) [testng-7.3.0.jar:?]
	at org.testng.TestRunner.run(TestRunner.java:585) [testng-7.3.0.jar:?]
	at org.testng.SuiteRunner.runTest(SuiteRunner.java:384) [testng-7.3.0.jar:?]
	at org.testng.SuiteRunner.runSequentially(SuiteRunner.java:378) [testng-7.3.0.jar:?]
	at org.testng.SuiteRunner.privateRun(SuiteRunner.java:337) [testng-7.3.0.jar:?]
	at org.testng.SuiteRunner.run(SuiteRunner.java:286) [testng-7.3.0.jar:?]
	at org.testng.SuiteRunnerWorker.runSuite(SuiteRunnerWorker.java:53) [testng-7.3.0.jar:?]
	at org.testng.SuiteRunnerWorker.run(SuiteRunnerWorker.java:96) [testng-7.3.0.jar:?]
	at org.testng.TestNG.runSuitesSequentially(TestNG.java:1218) [testng-7.3.0.jar:?]
	at org.testng.TestNG.runSuitesLocally(TestNG.java:1140) [testng-7.3.0.jar:?]
	at org.testng.TestNG.runSuites(TestNG.java:1069) [testng-7.3.0.jar:?]
	at org.testng.TestNG.run(TestNG.java:1037) [testng-7.3.0.jar:?]
	at org.gradle.api.internal.tasks.testing.testng.TestNGTestClassProcessor.runTests(TestNGTestClassProcessor.java:141) [gradle-testing-jvm-6.3.jar:6.3]
	at org.gradle.api.internal.tasks.testing.testng.TestNGTestClassProcessor.stop(TestNGTestClassProcessor.java:90) [gradle-testing-jvm-6.3.jar:6.3]
	at org.gradle.api.internal.tasks.testing.SuiteTestClassProcessor.stop(SuiteTestClassProcessor.java:61) [gradle-testing-base-6.3.jar:6.3]
	at jdk.internal.reflect.NativeMethodAccessorImpl.invoke0(Native Method) ~[?:?]
	at jdk.internal.reflect.NativeMethodAccessorImpl.invoke(NativeMethodAccessorImpl.java:62) ~[?:?]
	at jdk.internal.reflect.DelegatingMethodAccessorImpl.invoke(DelegatingMethodAccessorImpl.java:43) ~[?:?]
	at java.lang.reflect.Method.invoke(Method.java:564) ~[?:?]
	at org.gradle.internal.dispatch.ReflectionDispatch.dispatch(ReflectionDispatch.java:36) [gradle-messaging-6.3.jar:6.3]
	at org.gradle.internal.dispatch.ReflectionDispatch.dispatch(ReflectionDispatch.java:24) [gradle-messaging-6.3.jar:6.3]
	at org.gradle.internal.dispatch.ContextClassLoaderDispatch.dispatch(ContextClassLoaderDispatch.java:33) [gradle-messaging-6.3.jar:6.3]
	at org.gradle.internal.dispatch.ProxyDispatchAdapter$DispatchingInvocationHandler.invoke(ProxyDispatchAdapter.java:94) [gradle-messaging-6.3.jar:6.3]
	at com.sun.proxy.$Proxy2.stop(Unknown Source) [?:?]
	at org.gradle.api.internal.tasks.testing.worker.TestWorker.stop(TestWorker.java:132) [gradle-testing-base-6.3.jar:6.3]
	at jdk.internal.reflect.NativeMethodAccessorImpl.invoke0(Native Method) ~[?:?]
	at jdk.internal.reflect.NativeMethodAccessorImpl.invoke(NativeMethodAccessorImpl.java:62) ~[?:?]
	at jdk.internal.reflect.DelegatingMethodAccessorImpl.invoke(DelegatingMethodAccessorImpl.java:43) ~[?:?]
	at java.lang.reflect.Method.invoke(Method.java:564) ~[?:?]
	at org.gradle.internal.dispatch.ReflectionDispatch.dispatch(ReflectionDispatch.java:36) [gradle-messaging-6.3.jar:6.3]
	at org.gradle.internal.dispatch.ReflectionDispatch.dispatch(ReflectionDispatch.java:24) [gradle-messaging-6.3.jar:6.3]
	at org.gradle.internal.remote.internal.hub.MessageHubBackedObjectConnection$DispatchWrapper.dispatch(MessageHubBackedObjectConnection.java:182) [gradle-messaging-6.3.jar:6.3]
	at org.gradle.internal.remote.internal.hub.MessageHubBackedObjectConnection$DispatchWrapper.dispatch(MessageHubBackedObjectConnection.java:164) [gradle-messaging-6.3.jar:6.3]
	at org.gradle.internal.remote.internal.hub.MessageHub$Handler.run(MessageHub.java:412) [gradle-messaging-6.3.jar:6.3]
	at org.gradle.internal.concurrent.ExecutorPolicy$CatchAndRecordFailures.onExecute(ExecutorPolicy.java:64) [gradle-base-services-6.3.jar:6.3]
	at org.gradle.internal.concurrent.ManagedExecutorImpl$1.run(ManagedExecutorImpl.java:48) [gradle-base-services-6.3.jar:6.3]
	at java.util.concurrent.ThreadPoolExecutor.runWorker(ThreadPoolExecutor.java:1130) [?:?]
	at java.util.concurrent.ThreadPoolExecutor$Worker.run(ThreadPoolExecutor.java:630) [?:?]
	at org.gradle.internal.concurrent.ThreadFactoryImpl$ManagedThreadRunnable.run(ThreadFactoryImpl.java:56) [gradle-base-services-6.3.jar:6.3]
	at java.lang.Thread.run(Thread.java:832) [?:?]
